


 clock   elapsed:              other lines
 clock   self+sourced   self:  sourced script
000.567  000.001: expanding arguments
000.003  000.003: --- VIM STARTING ---
1700.313  000.003: editing files in windows
2246.312  000.004: --- VIM STARTED ---
2144.109  000.004: before starting main loop
1569.644  000.005: start termcap
000.152  000.005: window checked
1569.232  000.006: inits 3
034.210  000.009  000.009: sourcing /usr/share/vim/vim74/filetype.vim
034.159  000.009  000.009: sourcing /usr/share/vim/vim74/ftplugin.vim
034.893  000.009  000.009: sourcing /usr/share/vim/vim74/lang/menu_en_gb.latin1.vim
000.577  000.010: shell init
1368.838  000.011  000.011: sourcing /root/.vim_runtime/sources_non_forked/syntastic/plugin/syntastic/balloons.vim
1368.902  000.011  000.011: sourcing /root/.vim_runtime/sources_non_forked/syntastic/plugin/syntastic/cursor.vim
1368.933  000.011  000.011: sourcing /root/.vim_runtime/sources_non_forked/syntastic/plugin/syntastic/highlighting.vim
1369.007  000.011  000.011: sourcing /root/.vim_runtime/sources_non_forked/syntastic/plugin/syntastic/modemap.vim
1369.037  000.011  000.011: sourcing /root/.vim_runtime/sources_non_forked/syntastic/plugin/syntastic/notifiers.vim
1369.067  000.011  000.011: sourcing /root/.vim_runtime/sources_non_forked/syntastic/plugin/syntastic/registry.vim
1369.098  000.011  000.011: sourcing /root/.vim_runtime/sources_non_forked/syntastic/plugin/syntastic/signs.vim
034.108  000.011  000.011: sourcing /usr/share/vim/vim74/filetype.vim
1368.871  000.012  000.012: sourcing /root/.vim_runtime/sources_non_forked/syntastic/plugin/syntastic/checker.vim
1368.976  000.012  000.012: sourcing /root/.vim_runtime/sources_non_forked/syntastic/plugin/syntastic/loclist.vim
033.881  000.012  000.012: sourcing /usr/share/vim/vim74/filetype.vim
1368.805  000.014  000.014: sourcing /root/.vim_runtime/sources_non_forked/syntastic/plugin/syntastic/autoloclist.vim
000.886  000.015: inits 2
1568.088  000.016  000.016: sourcing /usr/share/vim/vim74/plugin/rrhelper.vim
1569.639  000.016: setting raw mode
1334.819  000.021  000.021: sourcing /root/.vim_runtime/sources_non_forked/nerdtree/lib/nerdtree/event.vim
034.838  000.023  000.023: sourcing /usr/share/vim/vim74/lang/menu_en_gb.latin1.vim
1321.583  000.024  000.024: sourcing /root/.vim_runtime/sources_non_forked/goyo.vim/plugin/goyo.vim
1568.145  000.031  000.031: sourcing /usr/share/vim/vim74/plugin/spellfile.vim
1634.171  000.033  000.033: sourcing /root/.vim_runtime/sources_non_forked/vim-airline/autoload/airline/extensions/syntastic.vim
1713.614  000.034  000.034: sourcing /root/.vim_runtime/sources_non_forked/vim-airline/autoload/airline/deprecation.vim
1426.810  000.036  000.036: sourcing /root/.vim_runtime/sources_non_forked/vim-misc/plugin/xolox/misc.vim
034.286  000.037  000.037: sourcing /usr/share/vim/vim74/indent.vim
1569.681  000.037: clearing screen
1552.250  000.038  000.038: sourcing /root/.vim_runtime/sources_forked/set_tabline/plugin/set_tabline.vim
151.108  000.039  000.039: sourcing /root/.vim_runtime/sources_non_forked/vim-less/ftdetect/less.vim
1334.937  000.040  000.040: sourcing /root/.vim_runtime/sources_non_forked/nerdtree/lib/nerdtree/notifier.vim
1633.173  000.040  000.040: sourcing /root/.vim_runtime/sources_non_forked/vim-airline/autoload/airline/extensions/undotree.vim
1428.012  000.040  000.040: sourcing /root/.vim_runtime/sources_non_forked/vim-snippets/plugin/vimsnippets.vim
033.960  000.040  000.040: sourcing /usr/share/vim/vim74/ftplugin.vim
034.900  000.041  000.032: sourcing /usr/share/vim/vim74/lang/menu_en_gb.utf-8.vim
150.474  000.041  000.041: sourcing /root/.vim_runtime/sources_non_forked/vim-bundle-mako/ftdetect/mako.vim
151.026  000.042  000.042: sourcing /root/.vim_runtime/sources_non_forked/vim-jade/ftdetect/jade.vim
1632.616  000.045  000.045: sourcing /root/.vim_runtime/sources_non_forked/vim-airline/autoload/airline/extensions/netrw.vim
151.536  000.046  000.046: sourcing /root/.vim_runtime/sources_non_forked/vim-ultisnips/ftdetect/snippets.vim
035.288  000.047  000.047: sourcing /usr/share/vim/vim74/autoload/paste.vim
1334.078  000.048  000.048: sourcing /root/.vim_runtime/sources_non_forked/nerdtree/lib/nerdtree/flag_set.vim
1632.366  000.048  000.048: sourcing /root/.vim_runtime/sources_non_forked/vim-airline/autoload/airline/extensions/quickfix.vim
000.566  000.052: parsing arguments
1427.886  000.053  000.053: sourcing /root/.vim_runtime/sources_non_forked/vim-piv/plugin/piv.vim
1634.868  000.055  000.055: sourcing /root/.vim_runtime/sources_non_forked/vim-airline/autoload/airline/extensions/wordcount.vim
1391.019  000.057  000.057: sourcing /root/.vim_runtime/sources_non_forked/syntastic/plugin/syntastic/autoloclist.vim
151.468  000.057  000.057: sourcing /root/.vim_runtime/sources_non_forked/vim-ultisnips/ftdetect/UltiSnips.vim
1319.395  000.058  000.058: sourcing /root/.vim_runtime/sources_non_forked/ack.vim/plugin/ack.vim
1319.278  000.059: sourcing vimrc file(s)
1647.578  000.064  000.064: sourcing /root/.vim_runtime/sources_non_forked/vim-airline/autoload/airline/themes.vim
000.147  000.064: locale set
1633.450  000.066  000.066: sourcing /root/.vim_runtime/sources_non_forked/vim-airline/autoload/airline/extensions/tagbar.vim
1391.111  000.068  000.068: sourcing /root/.vim_runtime/sources_non_forked/syntastic/plugin/syntastic/balloons.vim
1567.023  000.069  000.069: sourcing /usr/share/vim/vim74/plugin/getscriptPlugin.vim
150.305  000.071  000.071: sourcing /root/.vim_runtime/sources_non_forked/nginx-vim/ftdetect/nginx.vim
034.436  000.071  000.071: sourcing /usr/share/vim/vim74/delmenu.vim
1392.137  000.073  000.073: sourcing /root/.vim_runtime/sources_non_forked/syntastic/plugin/syntastic/notifiers.vim
000.083  000.080: Allocated generic buffers
1331.995  000.081  000.081: sourcing /root/.vim_runtime/sources_non_forked/nerdtree/lib/nerdtree/menu_item.vim
1645.124  000.083  000.083: sourcing /root/.vim_runtime/sources_non_forked/vim-airline/autoload/airline/section.vim
1319.537  000.084  000.084: sourcing /root/.vim_runtime/sources_non_forked/ag.vim/plugin/ag.vim
1651.096  000.084  000.084: sourcing /root/.vim_runtime/sources_non_forked/vim-airline/autoload/airline/util.vim
1368.531  000.086  000.086: sourcing /root/.vim_runtime/sources_non_forked/open_file_under_cursor.vim/plugin/open_file_under_cursor.vim
1391.587  000.086  000.086: sourcing /root/.vim_runtime/sources_non_forked/syntastic/plugin/syntastic/highlighting.vim
1632.909  000.087  000.087: sourcing /root/.vim_runtime/sources_non_forked/vim-airline/autoload/airline/extensions/ctrlp.vim
1550.196  000.089  000.089: sourcing /root/.vim_runtime/sources_non_forked/vim-zenroom2/plugin/zenroom2.vim
1430.522  000.091  000.091: sourcing /root/.vim_runtime/sources_non_forked/vim-ultisnips/autoload/UltiSnips/map_keys.vim
1392.041  000.092  000.092: sourcing /root/.vim_runtime/sources_non_forked/syntastic/plugin/syntastic/modemap.vim
000.978  000.092: init highlight
1652.266  000.093  000.093: sourcing /root/.vim_runtime/sources_non_forked/vim-airline/autoload/airline/extensions/default.vim
1367.100  000.099  000.099: sourcing /root/.vim_runtime/sources_non_forked/nerdtree/nerdtree_plugin/exec_menuitem.vim
1573.865  000.101  000.101: sourcing /usr/share/vim/vim74/indent/vim.vim
150.931  000.104  000.104: sourcing /root/.vim_runtime/sources_non_forked/vim-go/ftdetect/gofiletype.vim
1391.479  000.105  000.105: sourcing /root/.vim_runtime/sources_non_forked/syntastic/plugin/syntastic/cursor.vim
1392.609  000.106  000.106: sourcing /root/.vim_runtime/sources_non_forked/syntastic/plugin/syntastic/signs.vim
1568.478  000.106  000.106: sourcing /usr/share/vim/vim74/plugin/tohtml.vim
1332.182  000.109  000.109: sourcing /root/.vim_runtime/sources_non_forked/nerdtree/lib/nerdtree/key_map.vim
1634.500  000.127  000.127: sourcing /root/.vim_runtime/sources_non_forked/vim-airline/autoload/airline/extensions/whitespace.vim
1395.347  000.127  000.127: sourcing /root/.vim_runtime/sources_non_forked/vim-airline/autoload/airline/init.vim
1651.765  000.128  000.128: sourcing /root/.vim_runtime/sources_non_forked/vim-airline/autoload/airline/builder.vim
151.282  000.129  000.129: sourcing /root/.vim_runtime/sources_non_forked/vim-markdown/ftdetect/markdown.vim
1331.833  000.136  000.136: sourcing /root/.vim_runtime/sources_non_forked/nerdtree/lib/nerdtree/menu_controller.vim
1334.293  000.138  000.138: sourcing /root/.vim_runtime/sources_non_forked/nerdtree/lib/nerdtree/nerdtree.vim
062.658  000.146  000.146: sourcing /root/.vim_runtime/vimrcs/filetypes.vim
1552.471  000.148  000.148: sourcing /root/.vim_runtime/sources_forked/vim-peepopen/plugin/peepopen.vim
1394.388  000.152  000.152: sourcing /root/.vim_runtime/sources_non_forked/tlib/plugin/02tlib.vim
1569.171  000.152  000.152: sourcing /root/.vim_runtime/sources_non_forked/vim-ultisnips/after/plugin/UltiSnips_after.vim
1568.660  000.152  000.152: sourcing /usr/share/vim/vim74/plugin/vimballPlugin.vim
1633.842  000.154  000.154: sourcing /root/.vim_runtime/sources_non_forked/vim-airline/autoload/airline/extensions/branch.vim
1645.524  000.156  000.156: sourcing /root/.vim_runtime/sources_non_forked/vim-airline/autoload/airline/highlighter.vim
053.686  000.156  000.156: sourcing /usr/share/vim/vim74/syntax/nosyntax.vim
053.939  000.159  000.159: sourcing /usr/share/vim/vim74/syntax/syncolor.vim
1426.311  000.166  000.166: sourcing /root/.vim_runtime/sources_non_forked/vim-go/plugin/go.vim
1568.340  000.170  000.170: sourcing /usr/share/vim/vim74/plugin/tarPlugin.vim
054.721  000.170  000.170: sourcing /usr/share/vim/vim74/syntax/syncolor.vim
061.548  000.170  000.170: sourcing /usr/share/vim/vim74/syntax/syncolor.vim
061.839  000.173  000.173: sourcing /usr/share/vim/vim74/syntax/syncolor.vim
054.405  000.176  000.176: sourcing /usr/share/vim/vim74/syntax/syncolor.vim
061.028  000.176  000.176: sourcing /usr/share/vim/vim74/syntax/syncolor.vim
1316.658  000.177  000.177: sourcing /usr/share/vim/vim74/syntax/syncolor.vim
1317.303  000.177  000.177: sourcing /usr/share/vim/vim74/syntax/syncolor.vim
1315.256  000.178  000.178: sourcing /usr/share/vim/vim74/syntax/syncolor.vim
1697.906  000.179  000.179: sourcing /root/.vim_runtime/sources_non_forked/ctrlp.vim/autoload/ctrlp/utils.vim
1314.595  000.183  000.183: sourcing /usr/share/vim/vim74/syntax/syncolor.vim
1330.301  000.185  000.185: sourcing /root/.vim_runtime/sources_non_forked/nerdtree/autoload/nerdtree.vim
150.706  000.186  000.186: sourcing /root/.vim_runtime/sources_non_forked/vim-coffee-script/ftdetect/coffee.vim
001.545  000.201  000.201: sourcing /usr/share/vim/vim74/syntax/syncolor.vim
1568.899  000.206  000.206: sourcing /usr/share/vim/vim74/plugin/zipPlugin.vim
1567.494  000.207  000.207: sourcing /usr/share/vim/vim74/plugin/matchparen.vim
1333.610  000.216  000.216: sourcing /root/.vim_runtime/sources_non_forked/nerdtree/lib/nerdtree/opener.vim
1332.477  000.217  000.217: sourcing /root/.vim_runtime/sources_non_forked/nerdtree/lib/nerdtree/bookmark.vim
1567.263  000.217  000.217: sourcing /usr/share/vim/vim74/plugin/gzip.vim
1391.351  000.219  000.219: sourcing /root/.vim_runtime/sources_non_forked/syntastic/plugin/syntastic/checker.vim
1699.035  000.222  000.222: sourcing /root/.vim_runtime/sources_non_forked/syntastic/autoload/syntastic/log.vim
1321.326  000.239  000.239: sourcing /root/.vim_runtime/sources_non_forked/ctrlp.vim/autoload/ctrlp/mrufiles.vim
1332.806  000.246  000.246: sourcing /root/.vim_runtime/sources_non_forked/nerdtree/lib/nerdtree/tree_file_node.vim
1632.123  000.247  000.247: sourcing /root/.vim_runtime/sources_non_forked/vim-airline/autoload/airline/extensions.vim
1333.950  000.261  000.261: sourcing /root/.vim_runtime/sources_non_forked/nerdtree/lib/nerdtree/creator.vim
1426.652  000.272  000.272: sourcing /root/.vim_runtime/sources_non_forked/vim-indent-object/plugin/indent-object.vim
1573.043  000.294  000.294: sourcing /usr/share/vim/vim74/ftplugin/vim.vim
000.871  000.294: Termcap init
1394.969  000.296  000.296: sourcing /root/.vim_runtime/sources_non_forked/vim-airline/autoload/airline.vim
1396.002  000.297  000.297: sourcing /root/.vim_runtime/sources_non_forked/vim-airline/autoload/airline/parts.vim
1397.637  000.306  000.306: sourcing /root/.vim_runtime/sources_non_forked/vim-commentary/plugin/commentary.vim
072.532  000.306  000.306: sourcing /usr/share/vim/vim74/ftoff.vim
109.762  000.306  000.306: sourcing /usr/share/vim/vim74/ftoff.vim
054.040  000.310  000.151: sourcing /usr/share/vim/vim74/syntax/synload.vim
1391.925  000.317  000.317: sourcing /root/.vim_runtime/sources_non_forked/syntastic/plugin/syntastic/loclist.vim
1392.480  000.320  000.320: sourcing /root/.vim_runtime/sources_non_forked/syntastic/plugin/syntastic/registry.vim
1334.717  000.349  000.349: sourcing /root/.vim_runtime/sources_non_forked/nerdtree/lib/nerdtree/ui.vim
000.514  000.362: inits 1
001.654  000.365  000.164: sourcing /usr/share/vim/vim74/syntax/synload.vim
1427.245  000.370  000.370: sourcing /root/.vim_runtime/sources_non_forked/vim-multiple-cursors/plugin/multiple_cursors.vim
1569.623  000.391: reading viminfo
1333.314  000.425  000.425: sourcing /root/.vim_runtime/sources_non_forked/nerdtree/lib/nerdtree/tree_dir_node.vim
1647.774  000.451  000.387: sourcing /root/.vim_runtime/sources_non_forked/vim-airline/autoload/airline/themes/powerlineish.vim
1369.778  000.455  000.455: sourcing /root/.vim_runtime/sources_non_forked/syntastic/autoload/syntastic/util.vim
1367.595  000.469  000.469: sourcing /root/.vim_runtime/sources_non_forked/nerdtree/nerdtree_plugin/fs_menu.vim
1335.496  000.474  000.474: sourcing /root/.vim_runtime/sources_non_forked/nerdtree/autoload/nerdtree/ui_glue.vim
1427.809  000.482  000.482: sourcing /root/.vim_runtime/sources_non_forked/vim-piv/plugin/phpfolding.vim
1412.901  000.487  000.487: sourcing /root/.vim_runtime/sources_non_forked/vim-expand-region/autoload/expand_region.vim
1591.706  000.504  000.504: sourcing /usr/share/vim/vim74/syntax/pod.vim
1568.035  000.518  000.518: sourcing /usr/share/vim/vim74/plugin/netrwPlugin.vim
1331.609  000.553  000.553: sourcing /root/.vim_runtime/sources_non_forked/nerdtree/lib/nerdtree/path.vim
1321.492  000.573  000.334: sourcing /root/.vim_runtime/sources_non_forked/ctrlp.vim/plugin/ctrlp.vim
054.074  000.580  000.114: sourcing /usr/share/vim/vim74/syntax/syntax.vim
1397.224  000.627  000.627: sourcing /root/.vim_runtime/sources_non_forked/vim-auto-pairs/plugin/auto-pairs.vim
1428.704  000.635  000.635: sourcing /root/.vim_runtime/sources_non_forked/vim-surround/plugin/surround.vim
1595.887  000.735  000.735: sourcing /usr/share/vim/vim74/syntax/python.vim
062.005  000.762  000.419: sourcing /usr/share/vim/vim74/colors/desert.vim
1714.964  000.832  000.832: sourcing /root/.vim_runtime/sources_non_forked/vim-ycm/autoload/youcompleteme.vim
1429.623  000.846  000.846: sourcing /root/.vim_runtime/sources_non_forked/vim-tagbar/plugin/tagbar.vim
1413.065  000.848  000.361: sourcing /root/.vim_runtime/sources_non_forked/vim-expand-region/plugin/expand_region.vim
1430.645  000.942  000.851: sourcing /root/.vim_runtime/sources_non_forked/vim-ultisnips/plugin/UltiSnips.vim
1431.768  001.060  001.060: sourcing /root/.vim_runtime/sources_non_forked/vim-undotree/plugin/undotree.vim
1320.855  001.260  001.260: sourcing /root/.vim_runtime/sources_non_forked/bufexplorer/plugin/bufexplorer.vim
1315.456  001.517  001.156: sourcing /usr/share/vim/vim74/colors/desert.vim
1552.133  001.866  001.866: sourcing /root/.vim_runtime/sources_forked/mru/plugin/mru.vim
1396.531  002.066  001.346: sourcing /root/.vim_runtime/sources_non_forked/vim-airline/plugin/airline.vim
1700.310  002.362: BufEnter autocommands
2154.556  003.030  003.030: sourcing /root/.vim_runtime/sources_non_forked/vim-tagbar/autoload/tagbar.vim
1319.222  003.214  002.860: sourcing /usr/share/vim/vim74/colors/hybrid.vim
1319.249  003.587  000.373: sourcing /root/.vim_runtime/my_configs.vim
1556.141  003.609  003.609: sourcing /root/.vim_runtime/sources_forked/yankring/plugin/yankring.vim
1569.226  003.900: loading plugins
1594.876  004.073  003.569: sourcing /usr/share/vim/vim74/syntax/perl.vim
061.201  007.087  006.565: sourcing /usr/share/vim/vim74/colors/desert.vim
071.096  008.357  008.357: sourcing /root/.vim_runtime/autoload/pathogen.vim
1550.037  008.455  008.455: sourcing /root/.vim_runtime/sources_non_forked/vim-ycm/plugin/youcompleteme.vim
1315.633  010.101  008.584: sourcing /root/.vim_runtime/vimrcs/extended.vim
1566.730  010.520  010.520: sourcing /root/.vim_runtime/sources_forked/zencoding/plugin/zencoding.vim
1442.845  011.002  011.002: sourcing /root/.vim_runtime/sources_non_forked/vim-unimpaired/plugin/unimpaired.vim
1426.060  012.916  012.916: sourcing /root/.vim_runtime/sources_non_forked/vim-fugitive/plugin/fugitive.vim
1412.143  014.441  014.441: sourcing /root/.vim_runtime/sources_non_forked/vim-easymotion/plugin/EasyMotion.vim
053.383  018.922  018.811: sourcing /usr/share/vim/vim74/menu.vim
1597.081  022.239  017.431: sourcing /usr/share/vim/vim74/syntax/vim.vim
1394.168  025.051  023.153: sourcing /root/.vim_runtime/sources_non_forked/syntastic/plugin/syntastic.vim
062.482  028.433  000.945: sourcing /root/.vim_runtime/vimrcs/basic.vim
104.736  031.908  031.908: sourcing /usr/share/vim/vim74/filetype.vim
033.784  032.084  032.084: sourcing /usr/share/vim/vim74/filetype.vim
033.828  032.592  000.143: sourcing /usr/share/vim/vim74/syntax/syntax.vim
033.997  032.991  000.347: sourcing /etc/vimrc
1631.575  034.062  034.062: sourcing /root/.vim_runtime/sources_non_forked/vim-ultisnips/autoload/UltiSnips.vim
151.845  041.501  040.786: sourcing /usr/share/vim/vim74/filetype.vim
1368.350  046.683  042.616: sourcing /root/.vim_runtime/sources_non_forked/nerdtree/plugin/NERD_tree.vim
1697.547  069.273: opening buffers
1541.484  098.285  098.285: sourcing /root/.vim_runtime/sources_non_forked/vim-vdebug/plugin/vdebug.vim
2246.308  099.169: first screen update
1305.496  1242.810  1160.432: sourcing /root/.vim_runtime/vimrcs/plugins_config.vim
1319.273  1285.250  000.173: sourcing $HOME/.vimrc
2144.105  443.926: VimEnter autocommands
times in msec
